[19:15:12] [Datafixer Bootstrap/INFO]: 236 Datafixer optimizations took 259 milliseconds
[19:15:15] [main/WARN]: Invalid UUID: '0
[19:15:15] [Render thread/INFO]: Environment: Environment[sessionHost=https://sessionserver.mojang.com, servicesHost=https://api.minecraftservices.com, name=PROD]
[19:15:15] [Render thread/INFO]: Setting user: asdasd
[19:15:15] [Render thread/INFO]: Backend library: LWJGL version 3.3.3+5
[19:15:16] [Download-2/ERROR]: Failed to fetch user properties
com.mojang.authlib.exceptions.InvalidCredentialsException: Status: 401
	at com.mojang.authlib.exceptions.MinecraftClientHttpException.toAuthenticationException(MinecraftClientHttpException.java:59) ~[authlib-6.0.55.jar:?]
	at com.mojang.authlib.yggdrasil.YggdrasilUserApiService.fetchProperties(YggdrasilUserApiService.java:150) ~[authlib-6.0.55.jar:?]
	at fmf.bL(SourceFile:463) ~[1.21.2.jar:?]
	at java.base/java.util.concurrent.CompletableFuture$AsyncSupply.run(CompletableFuture.java:1768) ~[?:?]
	at java.base/java.util.concurrent.ThreadPoolExecutor.runWorker(ThreadPoolExecutor.java:1144) ~[?:?]
	at java.base/java.util.concurrent.ThreadPoolExecutor$Worker.run(ThreadPoolExecutor.java:642) ~[?:?]
	at java.base/java.lang.Thread.run(Thread.java:1583) [?:?]
Caused by: com.mojang.authlib.exceptions.MinecraftClientHttpException: Status: 401
	at com.mojang.authlib.minecraft.client.MinecraftClient.readInputStream(MinecraftClient.java:100) ~[authlib-6.0.55.jar:?]
	at com.mojang.authlib.minecraft.client.MinecraftClient.get(MinecraftClient.java:57) ~[authlib-6.0.55.jar:?]
	at com.mojang.authlib.yggdrasil.YggdrasilUserApiService.fetchProperties(YggdrasilUserApiService.java:121) ~[authlib-6.0.55.jar:?]
	... 5 more
[19:15:16] [Render thread/ERROR]: Error while loading the narrator
com.mojang.text2speech.Narrator$InitializeException: Failed to load library flite
	at com.mojang.text2speech.NarratorLinux$FliteLibrary.loadNative(NarratorLinux.java:69) ~[text2speech-1.17.9.jar:?]
	at com.mojang.text2speech.NarratorLinux.<init>(NarratorLinux.java:18) ~[text2speech-1.17.9.jar:?]
	at com.mojang.text2speech.Narrator.getNarrator(Narrator.java:41) [text2speech-1.17.9.jar:?]
	at flw.<init>(SourceFile:19) [1.21.2.jar:?]
	at fmf.<init>(SourceFile:700) [1.21.2.jar:?]
	at net.minecraft.client.main.Main.main(SourceFile:248) [1.21.2.jar:?]
Caused by: java.lang.UnsatisfiedLinkError: Unable to load library 'flite':
libflite.so: cannot open shared object file: No such file or directory
libflite.so: cannot open shared object file: No such file or directory
Native library (linux-x86-64/libflite.so) not found in resource path (/home/undefined/active-projects/min-launcher/minecraft_data/libraries/com/fasterxml/jackson/core/jackson-annotations/2.13.4/jackson-annotations-2.13.4.jar:/home/undefined/active-projects/min-launcher/minecraft_data/libraries/com/fasterxml/jackson/core/jackson-core/2.13.4/jackson-core-2.13.4.jar:/home/undefined/active-projects/min-launcher/minecraft_data/libraries/com/fasterxml/jackson/core/jackson-databind/2.13.4.2/jackson-databind-2.13.4.2.jar:/home/undefined/active-projects/min-launcher/minecraft_data/libraries/com/github/oshi/oshi-core/6.4.10/oshi-core-6.4.10.jar:/home/undefined/active-projects/min-launcher/minecraft_data/libraries/com/github/stephenc/jcip/jcip-annotations/1.0-1/jcip-annotations-1.0-1.jar:/home/undefined/active-projects/min-launcher/minecraft_data/libraries/com/google/code/gson/gson/2.10.1/gson-2.10.1.jar:/home/undefined/active-projects/min-launcher/minecraft_data/libraries/com/google/guava/failureaccess/1.0.1/failureaccess-1.0.1.jar:/home/undefined/active-projects/min-launcher/minecraft_data/libraries/com/google/guava/guava/32.1.2-jre/guava-32.1.2-jre.jar:/home/undefined/active-projects/min-launcher/minecraft_data/libraries/com/ibm/icu/icu4j/73.2/icu4j-73.2.jar:/home/undefined/active-projects/min-launcher/minecraft_data/libraries/com/microsoft/azure/msal4j/1.15.0/msal4j-1.15.0.jar:/home/undefined/active-projects/min-launcher/minecraft_data/libraries/com/mojang/authlib/6.0.55/authlib-6.0.55.jar:/home/undefined/active-projects/min-launcher/minecraft_data/libraries/com/mojang/blocklist/1.0.10/blocklist-1.0.10.jar:/home/undefined/active-projects/min-launcher/minecraft_data/libraries/com/mojang/brigadier/1.3.10/brigadier-1.3.10.jar:/home/undefined/active-projects/min-launcher/minecraft_data/libraries/com/mojang/datafixerupper/8.0.16/datafixerupper-8.0.16.jar:/home/undefined/active-projects/min-launcher/minecraft_data/libraries/com/mojang/jtracy/1.0.29/jtracy-1.0.29.jar:/home/undefined/active-projects/min-launcher/minecraft_data/libraries/com/mojang/jtracy/1.0.29/jtracy-1.0.29-natives-linux.jar:/home/undefined/active-projects/min-launcher/minecraft_data/libraries/com/mojang/logging/1.4.9/logging-1.4.9.jar:/home/undefined/active-projects/min-launcher/minecraft_data/libraries/com/mojang/patchy/2.2.10/patchy-2.2.10.jar:/home/undefined/active-projects/min-launcher/minecraft_data/libraries/com/mojang/text2speech/1.17.9/text2speech-1.17.9.jar:/home/undefined/active-projects/min-launcher/minecraft_data/libraries/com/nimbusds/content-type/2.3/content-type-2.3.jar:/home/undefined/active-projects/min-launcher/minecraft_data/libraries/com/nimbusds/lang-tag/1.7/lang-tag-1.7.jar:/home/undefined/active-projects/min-launcher/minecraft_data/libraries/com/nimbusds/nimbus-jose-jwt/9.37.3/nimbus-jose-jwt-9.37.3.jar:/home/undefined/active-projects/min-launcher/minecraft_data/libraries/com/nimbusds/oauth2-oidc-sdk/11.9.1/oauth2-oidc-sdk-11.9.1.jar:/home/undefined/active-projects/min-launcher/minecraft_data/libraries/commons-codec/commons-codec/1.16.0/commons-codec-1.16.0.jar:/home/undefined/active-projects/min-launcher/minecraft_data/libraries/commons-io/commons-io/2.15.1/commons-io-2.15.1.jar:/home/undefined/active-projects/min-launcher/minecraft_data/libraries/commons-logging/commons-logging/1.2/commons-logging-1.2.jar:/home/undefined/active-projects/min-launcher/minecraft_data/libraries/io/netty/netty-buffer/4.1.97.Final/netty-buffer-4.1.97.Final.jar:/home/undefined/active-projects/min-launcher/minecraft_data/libraries/io/netty/netty-codec/4.1.97.Final/netty-codec-4.1.97.Final.jar:/home/undefined/active-projects/min-launcher/minecraft_data/libraries/io/netty/netty-common/4.1.97.Final/netty-common-4.1.97.Final.jar:/home/undefined/active-projects/min-launcher/minecraft_data/libraries/io/netty/netty-handler/4.1.97.Final/netty-handler-4.1.97.Final.jar:/home/undefined/active-projects/min-launcher/minecraft_data/libraries/io/netty/netty-resolver/4.1.97.Final/netty-resolver-4.1.97.Final.jar:/home/undefined/active-projects/min-launcher/minecraft_data/libraries/io/netty/netty-transport-classes-epoll/4.1.97.Final/netty-transport-classes-epoll-4.1.97.Final.jar:/home/undefined/active-projects/min-launcher/minecraft_data/libraries/io/netty/netty-transport-native-epoll/4.1.97.Final/netty-transport-native-epoll-4.1.97.Final-linux-aarch_64.jar:/home/undefined/active-projects/min-launcher/minecraft_data/libraries/io/netty/netty-transport-native-epoll/4.1.97.Final/netty-transport-native-epoll-4.1.97.Final-linux-x86_64.jar:/home/undefined/active-projects/min-launcher/minecraft_data/libraries/io/netty/netty-transport-native-unix-common/4.1.97.Final/netty-transport-native-unix-common-4.1.97.Final.jar:/home/undefined/active-projects/min-launcher/minecraft_data/libraries/io/netty/netty-transport/4.1.97.Final/netty-transport-4.1.97.Final.jar:/home/undefined/active-projects/min-launcher/minecraft_data/libraries/it/unimi/dsi/fastutil/8.5.12/fastutil-8.5.12.jar:/home/undefined/active-projects/min-launcher/minecraft_data/libraries/net/java/dev/jna/jna-platform/5.14.0/jna-platform-5.14.0.jar:/home/undefined/active-projects/min-launcher/minecraft_data/libraries/net/java/dev/jna/jna/5.14.0/jna-5.14.0.jar:/home/undefined/active-projects/min-launcher/minecraft_data/libraries/net/minidev/accessors-smart/2.5.0/accessors-smart-2.5.0.jar:/home/undefined/active-projects/min-launcher/minecraft_data/libraries/net/minidev/json-smart/2.5.0/json-smart-2.5.0.jar:/home/undefined/active-projects/min-launcher/minecraft_data/libraries/net/sf/jopt-simple/jopt-simple/5.0.4/jopt-simple-5.0.4.jar:/home/undefined/active-projects/min-launcher/minecraft_data/libraries/org/apache/commons/commons-compress/1.26.0/commons-compress-1.26.0.jar:/home/undefined/active-projects/min-launcher/minecraft_data/libraries/org/apache/commons/commons-lang3/3.14.0/commons-lang3-3.14.0.jar:/home/undefined/active-projects/min-launcher/minecraft_data/libraries/org/apache/httpcomponents/httpclient/4.5.13/httpclient-4.5.13.jar:/home/undefined/active-projects/min-launcher/minecraft_data/libraries/org/apache/httpcomponents/httpcore/4.4.16/httpcore-4.4.16.jar:/home/undefined/active-projects/min-launcher/minecraft_data/libraries/org/apache/logging/log4j/log4j-api/2.22.1/log4j-api-2.22.1.jar:/home/undefined/active-projects/min-launcher/minecraft_data/libraries/org/apache/logging/log4j/log4j-core/2.22.1/log4j-core-2.22.1.jar:/home/undefined/active-projects/min-launcher/minecraft_data/libraries/org/apache/logging/log4j/log4j-slf4j2-impl/2.22.1/log4j-slf4j2-impl-2.22.1.jar:/home/undefined/active-projects/min-launcher/minecraft_data/libraries/org/jcraft/jorbis/0.0.17/jorbis-0.0.17.jar:/home/undefined/active-projects/min-launcher/minecraft_data/libraries/org/joml/joml/1.10.5/joml-1.10.5.jar:/home/undefined/active-projects/min-launcher/minecraft_data/libraries/org/lwjgl/lwjgl-freetype/3.3.3/lwjgl-freetype-3.3.3.jar:/home/undefined/active-projects/min-launcher/minecraft_data/libraries/org/lwjgl/lwjgl-freetype/3.3.3/lwjgl-freetype-3.3.3-natives-linux.jar:/home/undefined/active-projects/min-launcher/minecraft_data/libraries/org/lwjgl/lwjgl-glfw/3.3.3/lwjgl-glfw-3.3.3.jar:/home/undefined/active-projects/min-launcher/minecraft_data/libraries/org/lwjgl/lwjgl-glfw/3.3.3/lwjgl-glfw-3.3.3-natives-linux.jar:/home/undefined/active-projects/min-launcher/minecraft_data/libraries/org/lwjgl/lwjgl-jemalloc/3.3.3/lwjgl-jemalloc-3.3.3.jar:/home/undefined/active-projects/min-launcher/minecraft_data/libraries/org/lwjgl/lwjgl-jemalloc/3.3.3/lwjgl-jemalloc-3.3.3-natives-linux.jar:/home/undefined/active-projects/min-launcher/minecraft_data/libraries/org/lwjgl/lwjgl-openal/3.3.3/lwjgl-openal-3.3.3.jar:/home/undefined/active-projects/min-launcher/minecraft_data/libraries/org/lwjgl/lwjgl-openal/3.3.3/lwjgl-openal-3.3.3-natives-linux.jar:/home/undefined/active-projects/min-launcher/minecraft_data/libraries/org/lwjgl/lwjgl-opengl/3.3.3/lwjgl-opengl-3.3.3.jar:/home/undefined/active-projects/min-launcher/minecraft_data/libraries/org/lwjgl/lwjgl-opengl/3.3.3/lwjgl-opengl-3.3.3-natives-linux.jar:/home/undefined/active-projects/min-launcher/minecraft_data/libraries/org/lwjgl/lwjgl-stb/3.3.3/lwjgl-stb-3.3.3.jar:/home/undefined/active-projects/min-launcher/minecraft_data/libraries/org/lwjgl/lwjgl-stb/3.3.3/lwjgl-stb-3.3.3-natives-linux.jar:/home/undefined/active-projects/min-launcher/minecraft_data/libraries/org/lwjgl/lwjgl-tinyfd/3.3.3/lwjgl-tinyfd-3.3.3.jar:/home/undefined/active-projects/min-launcher/minecraft_data/libraries/org/lwjgl/lwjgl-tinyfd/3.3.3/lwjgl-tinyfd-3.3.3-natives-linux.jar:/home/undefined/active-projects/min-launcher/minecraft_data/libraries/org/lwjgl/lwjgl/3.3.3/lwjgl-3.3.3.jar:/home/undefined/active-projects/min-launcher/minecraft_data/libraries/org/lwjgl/lwjgl/3.3.3/lwjgl-3.3.3-natives-linux.jar:/home/undefined/active-projects/min-launcher/minecraft_data/libraries/org/lz4/lz4-java/1.8.0/lz4-java-1.8.0.jar:/home/undefined/active-projects/min-launcher/minecraft_data/libraries/org/ow2/asm/asm/9.3/asm-9.3.jar:/home/undefined/active-projects/min-launcher/minecraft_data/libraries/org/slf4j/slf4j-api/2.0.9/slf4j-api-2.0.9.jar:/home/undefined/active-projects/min-launcher/minecraft_data/versions/1.21.2/1.21.2.jar)
	at com.sun.jna.NativeLibrary.loadLibrary(NativeLibrary.java:325) ~[jna-5.14.0.jar:5.14.0 (b0)]
	at com.sun.jna.NativeLibrary.getInstance(NativeLibrary.java:481) ~[jna-5.14.0.jar:5.14.0 (b0)]
	at com.sun.jna.NativeLibrary.getInstance(NativeLibrary.java:423) ~[jna-5.14.0.jar:5.14.0 (b0)]
	at com.mojang.text2speech.NarratorLinux$FliteLibrary.loadNative(NarratorLinux.java:67) ~[text2speech-1.17.9.jar:?]
	... 5 more
	Suppressed: java.lang.UnsatisfiedLinkError: libflite.so: cannot open shared object file: No such file or directory
		at com.sun.jna.Native.open(Native Method) ~[jna-5.14.0.jar:5.14.0 (b0)]
		at com.sun.jna.NativeLibrary.loadLibrary(NativeLibrary.java:213) ~[jna-5.14.0.jar:5.14.0 (b0)]
		at com.sun.jna.NativeLibrary.getInstance(NativeLibrary.java:481) ~[jna-5.14.0.jar:5.14.0 (b0)]
		at com.sun.jna.NativeLibrary.getInstance(NativeLibrary.java:423) ~[jna-5.14.0.jar:5.14.0 (b0)]
		at com.mojang.text2speech.NarratorLinux$FliteLibrary.loadNative(NarratorLinux.java:67) ~[text2speech-1.17.9.jar:?]
		at com.mojang.text2speech.NarratorLinux.<init>(NarratorLinux.java:18) ~[text2speech-1.17.9.jar:?]
		at com.mojang.text2speech.Narrator.getNarrator(Narrator.java:41) [text2speech-1.17.9.jar:?]
		at flw.<init>(SourceFile:19) [1.21.2.jar:?]
		at fmf.<init>(SourceFile:700) [1.21.2.jar:?]
		at net.minecraft.client.main.Main.main(SourceFile:248) [1.21.2.jar:?]
	Suppressed: java.lang.UnsatisfiedLinkError: libflite.so: cannot open shared object file: No such file or directory
		at com.sun.jna.Native.open(Native Method) ~[jna-5.14.0.jar:5.14.0 (b0)]
		at com.sun.jna.NativeLibrary.loadLibrary(NativeLibrary.java:226) ~[jna-5.14.0.jar:5.14.0 (b0)]
		at com.sun.jna.NativeLibrary.getInstance(NativeLibrary.java:481) ~[jna-5.14.0.jar:5.14.0 (b0)]
		at com.sun.jna.NativeLibrary.getInstance(NativeLibrary.java:423) ~[jna-5.14.0.jar:5.14.0 (b0)]
		at com.mojang.text2speech.NarratorLinux$FliteLibrary.loadNative(NarratorLinux.java:67) ~[text2speech-1.17.9.jar:?]
		at com.mojang.text2speech.NarratorLinux.<init>(NarratorLinux.java:18) ~[text2speech-1.17.9.jar:?]
		at com.mojang.text2speech.Narrator.getNarrator(Narrator.java:41) [text2speech-1.17.9.jar:?]
		at flw.<init>(SourceFile:19) [1.21.2.jar:?]
		at fmf.<init>(SourceFile:700) [1.21.2.jar:?]
		at net.minecraft.client.main.Main.main(SourceFile:248) [1.21.2.jar:?]
	Suppressed: java.io.IOException: Native library (linux-x86-64/libflite.so) not found in resource path (/home/undefined/active-projects/min-launcher/minecraft_data/libraries/com/fasterxml/jackson/core/jackson-annotations/2.13.4/jackson-annotations-2.13.4.jar:/home/undefined/active-projects/min-launcher/minecraft_data/libraries/com/fasterxml/jackson/core/jackson-core/2.13.4/jackson-core-2.13.4.jar:/home/undefined/active-projects/min-launcher/minecraft_data/libraries/com/fasterxml/jackson/core/jackson-databind/2.13.4.2/jackson-databind-2.13.4.2.jar:/home/undefined/active-projects/min-launcher/minecraft_data/libraries/com/github/oshi/oshi-core/6.4.10/oshi-core-6.4.10.jar:/home/undefined/active-projects/min-launcher/minecraft_data/libraries/com/github/stephenc/jcip/jcip-annotations/1.0-1/jcip-annotations-1.0-1.jar:/home/undefined/active-projects/min-launcher/minecraft_data/libraries/com/google/code/gson/gson/2.10.1/gson-2.10.1.jar:/home/undefined/active-projects/min-launcher/minecraft_data/libraries/com/google/guava/failureaccess/1.0.1/failureaccess-1.0.1.jar:/home/undefined/active-projects/min-launcher/minecraft_data/libraries/com/google/guava/guava/32.1.2-jre/guava-32.1.2-jre.jar:/home/undefined/active-projects/min-launcher/minecraft_data/libraries/com/ibm/icu/icu4j/73.2/icu4j-73.2.jar:/home/undefined/active-projects/min-launcher/minecraft_data/libraries/com/microsoft/azure/msal4j/1.15.0/msal4j-1.15.0.jar:/home/undefined/active-projects/min-launcher/minecraft_data/libraries/com/mojang/authlib/6.0.55/authlib-6.0.55.jar:/home/undefined/active-projects/min-launcher/minecraft_data/libraries/com/mojang/blocklist/1.0.10/blocklist-1.0.10.jar:/home/undefined/active-projects/min-launcher/minecraft_data/libraries/com/mojang/brigadier/1.3.10/brigadier-1.3.10.jar:/home/undefined/active-projects/min-launcher/minecraft_data/libraries/com/mojang/datafixerupper/8.0.16/datafixerupper-8.0.16.jar:/home/undefined/active-projects/min-launcher/minecraft_data/libraries/com/mojang/jtracy/1.0.29/jtracy-1.0.29.jar:/home/undefined/active-projects/min-launcher/minecraft_data/libraries/com/mojang/jtracy/1.0.29/jtracy-1.0.29-natives-linux.jar:/home/undefined/active-projects/min-launcher/minecraft_data/libraries/com/mojang/logging/1.4.9/logging-1.4.9.jar:/home/undefined/active-projects/min-launcher/minecraft_data/libraries/com/mojang/patchy/2.2.10/patchy-2.2.10.jar:/home/undefined/active-projects/min-launcher/minecraft_data/libraries/com/mojang/text2speech/1.17.9/text2speech-1.17.9.jar:/home/undefined/active-projects/min-launcher/minecraft_data/libraries/com/nimbusds/content-type/2.3/content-type-2.3.jar:/home/undefined/active-projects/min-launcher/minecraft_data/libraries/com/nimbusds/lang-tag/1.7/lang-tag-1.7.jar:/home/undefined/active-projects/min-launcher/minecraft_data/libraries/com/nimbusds/nimbus-jose-jwt/9.37.3/nimbus-jose-jwt-9.37.3.jar:/home/undefined/active-projects/min-launcher/minecraft_data/libraries/com/nimbusds/oauth2-oidc-sdk/11.9.1/oauth2-oidc-sdk-11.9.1.jar:/home/undefined/active-projects/min-launcher/minecraft_data/libraries/commons-codec/commons-codec/1.16.0/commons-codec-1.16.0.jar:/home/undefined/active-projects/min-launcher/minecraft_data/libraries/commons-io/commons-io/2.15.1/commons-io-2.15.1.jar:/home/undefined/active-projects/min-launcher/minecraft_data/libraries/commons-logging/commons-logging/1.2/commons-logging-1.2.jar:/home/undefined/active-projects/min-launcher/minecraft_data/libraries/io/netty/netty-buffer/4.1.97.Final/netty-buffer-4.1.97.Final.jar:/home/undefined/active-projects/min-launcher/minecraft_data/libraries/io/netty/netty-codec/4.1.97.Final/netty-codec-4.1.97.Final.jar:/home/undefined/active-projects/min-launcher/minecraft_data/libraries/io/netty/netty-common/4.1.97.Final/netty-common-4.1.97.Final.jar:/home/undefined/active-projects/min-launcher/minecraft_data/libraries/io/netty/netty-handler/4.1.97.Final/netty-handler-4.1.97.Final.jar:/home/undefined/active-projects/min-launcher/minecraft_data/libraries/io/netty/netty-resolver/4.1.97.Final/netty-resolver-4.1.97.Final.jar:/home/undefined/active-projects/min-launcher/minecraft_data/libraries/io/netty/netty-transport-classes-epoll/4.1.97.Final/netty-transport-classes-epoll-4.1.97.Final.jar:/home/undefined/active-projects/min-launcher/minecraft_data/libraries/io/netty/netty-transport-native-epoll/4.1.97.Final/netty-transport-native-epoll-4.1.97.Final-linux-aarch_64.jar:/home/undefined/active-projects/min-launcher/minecraft_data/libraries/io/netty/netty-transport-native-epoll/4.1.97.Final/netty-transport-native-epoll-4.1.97.Final-linux-x86_64.jar:/home/undefined/active-projects/min-launcher/minecraft_data/libraries/io/netty/netty-transport-native-unix-common/4.1.97.Final/netty-transport-native-unix-common-4.1.97.Final.jar:/home/undefined/active-projects/min-launcher/minecraft_data/libraries/io/netty/netty-transport/4.1.97.Final/netty-transport-4.1.97.Final.jar:/home/undefined/active-projects/min-launcher/minecraft_data/libraries/it/unimi/dsi/fastutil/8.5.12/fastutil-8.5.12.jar:/home/undefined/active-projects/min-launcher/minecraft_data/libraries/net/java/dev/jna/jna-platform/5.14.0/jna-platform-5.14.0.jar:/home/undefined/active-projects/min-launcher/minecraft_data/libraries/net/java/dev/jna/jna/5.14.0/jna-5.14.0.jar:/home/undefined/active-projects/min-launcher/minecraft_data/libraries/net/minidev/accessors-smart/2.5.0/accessors-smart-2.5.0.jar:/home/undefined/active-projects/min-launcher/minecraft_data/libraries/net/minidev/json-smart/2.5.0/json-smart-2.5.0.jar:/home/undefined/active-projects/min-launcher/minecraft_data/libraries/net/sf/jopt-simple/jopt-simple/5.0.4/jopt-simple-5.0.4.jar:/home/undefined/active-projects/min-launcher/minecraft_data/libraries/org/apache/commons/commons-compress/1.26.0/commons-compress-1.26.0.jar:/home/undefined/active-projects/min-launcher/minecraft_data/libraries/org/apache/commons/commons-lang3/3.14.0/commons-lang3-3.14.0.jar:/home/undefined/active-projects/min-launcher/minecraft_data/libraries/org/apache/httpcomponents/httpclient/4.5.13/httpclient-4.5.13.jar:/home/undefined/active-projects/min-launcher/minecraft_data/libraries/org/apache/httpcomponents/httpcore/4.4.16/httpcore-4.4.16.jar:/home/undefined/active-projects/min-launcher/minecraft_data/libraries/org/apache/logging/log4j/log4j-api/2.22.1/log4j-api-2.22.1.jar:/home/undefined/active-projects/min-launcher/minecraft_data/libraries/org/apache/logging/log4j/log4j-core/2.22.1/log4j-core-2.22.1.jar:/home/undefined/active-projects/min-launcher/minecraft_data/libraries/org/apache/logging/log4j/log4j-slf4j2-impl/2.22.1/log4j-slf4j2-impl-2.22.1.jar:/home/undefined/active-projects/min-launcher/minecraft_data/libraries/org/jcraft/jorbis/0.0.17/jorbis-0.0.17.jar:/home/undefined/active-projects/min-launcher/minecraft_data/libraries/org/joml/joml/1.10.5/joml-1.10.5.jar:/home/undefined/active-projects/min-launcher/minecraft_data/libraries/org/lwjgl/lwjgl-freetype/3.3.3/lwjgl-freetype-3.3.3.jar:/home/undefined/active-projects/min-launcher/minecraft_data/libraries/org/lwjgl/lwjgl-freetype/3.3.3/lwjgl-freetype-3.3.3-natives-linux.jar:/home/undefined/active-projects/min-launcher/minecraft_data/libraries/org/lwjgl/lwjgl-glfw/3.3.3/lwjgl-glfw-3.3.3.jar:/home/undefined/active-projects/min-launcher/minecraft_data/libraries/org/lwjgl/lwjgl-glfw/3.3.3/lwjgl-glfw-3.3.3-natives-linux.jar:/home/undefined/active-projects/min-launcher/minecraft_data/libraries/org/lwjgl/lwjgl-jemalloc/3.3.3/lwjgl-jemalloc-3.3.3.jar:/home/undefined/active-projects/min-launcher/minecraft_data/libraries/org/lwjgl/lwjgl-jemalloc/3.3.3/lwjgl-jemalloc-3.3.3-natives-linux.jar:/home/undefined/active-projects/min-launcher/minecraft_data/libraries/org/lwjgl/lwjgl-openal/3.3.3/lwjgl-openal-3.3.3.jar:/home/undefined/active-projects/min-launcher/minecraft_data/libraries/org/lwjgl/lwjgl-openal/3.3.3/lwjgl-openal-3.3.3-natives-linux.jar:/home/undefined/active-projects/min-launcher/minecraft_data/libraries/org/lwjgl/lwjgl-opengl/3.3.3/lwjgl-opengl-3.3.3.jar:/home/undefined/active-projects/min-launcher/minecraft_data/libraries/org/lwjgl/lwjgl-opengl/3.3.3/lwjgl-opengl-3.3.3-natives-linux.jar:/home/undefined/active-projects/min-launcher/minecraft_data/libraries/org/lwjgl/lwjgl-stb/3.3.3/lwjgl-stb-3.3.3.jar:/home/undefined/active-projects/min-launcher/minecraft_data/libraries/org/lwjgl/lwjgl-stb/3.3.3/lwjgl-stb-3.3.3-natives-linux.jar:/home/undefined/active-projects/min-launcher/minecraft_data/libraries/org/lwjgl/lwjgl-tinyfd/3.3.3/lwjgl-tinyfd-3.3.3.jar:/home/undefined/active-projects/min-launcher/minecraft_data/libraries/org/lwjgl/lwjgl-tinyfd/3.3.3/lwjgl-tinyfd-3.3.3-natives-linux.jar:/home/undefined/active-projects/min-launcher/minecraft_data/libraries/org/lwjgl/lwjgl/3.3.3/lwjgl-3.3.3.jar:/home/undefined/active-projects/min-launcher/minecraft_data/libraries/org/lwjgl/lwjgl/3.3.3/lwjgl-3.3.3-natives-linux.jar:/home/undefined/active-projects/min-launcher/minecraft_data/libraries/org/lz4/lz4-java/1.8.0/lz4-java-1.8.0.jar:/home/undefined/active-projects/min-launcher/minecraft_data/libraries/org/ow2/asm/asm/9.3/asm-9.3.jar:/home/undefined/active-projects/min-launcher/minecraft_data/libraries/org/slf4j/slf4j-api/2.0.9/slf4j-api-2.0.9.jar:/home/undefined/active-projects/min-launcher/minecraft_data/versions/1.21.2/1.21.2.jar)
		at com.sun.jna.Native.extractFromResourcePath(Native.java:1141) ~[jna-5.14.0.jar:5.14.0 (b0)]
		at com.sun.jna.NativeLibrary.loadLibrary(NativeLibrary.java:297) ~[jna-5.14.0.jar:5.14.0 (b0)]
		at com.sun.jna.NativeLibrary.getInstance(NativeLibrary.java:481) ~[jna-5.14.0.jar:5.14.0 (b0)]
		at com.sun.jna.NativeLibrary.getInstance(NativeLibrary.java:423) ~[jna-5.14.0.jar:5.14.0 (b0)]
		at com.mojang.text2speech.NarratorLinux$FliteLibrary.loadNative(NarratorLinux.java:67) ~[text2speech-1.17.9.jar:?]
		at com.mojang.text2speech.NarratorLinux.<init>(NarratorLinux.java:18) ~[text2speech-1.17.9.jar:?]
		at com.mojang.text2speech.Narrator.getNarrator(Narrator.java:41) [text2speech-1.17.9.jar:?]
		at flw.<init>(SourceFile:19) [1.21.2.jar:?]
		at fmf.<init>(SourceFile:700) [1.21.2.jar:?]
		at net.minecraft.client.main.Main.main(SourceFile:248) [1.21.2.jar:?]
[19:15:16] [Render thread/INFO]: Reloading ResourceManager: vanilla
[19:15:16] [Worker-Main-1/INFO]: Found unifont_all_no_pua-15.1.05.hex, loading
[19:15:17] [Worker-Main-8/INFO]: Found unifont_jp_patch-15.1.05.hex, loading
[19:15:18] [Render thread/WARN]: Missing sound for event: minecraft:block.spawner.fall
[19:15:18] [Render thread/INFO]: OpenAL initialized on device USB Composite Device Analog Stereo
[19:15:18] [Render thread/INFO]: Sound engine started
[19:15:18] [Render thread/INFO]: Created: 1024x512x4 minecraft:textures/atlas/blocks.png-atlas
[19:15:18] [Render thread/INFO]: Created: 256x256x4 minecraft:textures/atlas/signs.png-atlas
[19:15:18] [Render thread/INFO]: Created: 512x512x4 minecraft:textures/atlas/banner_patterns.png-atlas
[19:15:18] [Render thread/INFO]: Created: 512x512x4 minecraft:textures/atlas/shield_patterns.png-atlas
[19:15:18] [Render thread/INFO]: Created: 1024x1024x4 minecraft:textures/atlas/armor_trims.png-atlas
[19:15:18] [Render thread/INFO]: Created: 256x256x4 minecraft:textures/atlas/chest.png-atlas
[19:15:18] [Render thread/INFO]: Created: 128x64x4 minecraft:textures/atlas/decorated_pot.png-atlas
[19:15:18] [Render thread/INFO]: Created: 512x256x4 minecraft:textures/atlas/beds.png-atlas
[19:15:18] [Render thread/INFO]: Created: 512x256x4 minecraft:textures/atlas/shulker_boxes.png-atlas
[19:15:18] [Render thread/INFO]: Created: 64x64x0 minecraft:textures/atlas/map_decorations.png-atlas
[19:15:18] [Render thread/INFO]: Created: 512x256x0 minecraft:textures/atlas/particles.png-atlas
[19:15:18] [Render thread/INFO]: Created: 512x256x0 minecraft:textures/atlas/paintings.png-atlas
[19:15:18] [Render thread/INFO]: Created: 256x128x0 minecraft:textures/atlas/mob_effects.png-atlas
[19:15:18] [Render thread/INFO]: Created: 1024x512x0 minecraft:textures/atlas/gui.png-atlas
[19:15:21] [Render thread/ERROR]: Error while loading the narrator
com.mojang.text2speech.Narrator$InitializeException: Failed to load library flite
	at com.mojang.text2speech.NarratorLinux$FliteLibrary.loadNative(NarratorLinux.java:69) ~[text2speech-1.17.9.jar:?]
	at com.mojang.text2speech.NarratorLinux.<init>(NarratorLinux.java:18) ~[text2speech-1.17.9.jar:?]
	at com.mojang.text2speech.Narrator.getNarrator(Narrator.java:41) ~[text2speech-1.17.9.jar:?]
	at fsp.a(SourceFile:106) ~[1.21.2.jar:?]
	at fsp.aP_(SourceFile:95) ~[1.21.2.jar:?]
	at fsp.a(SourceFile:66) ~[1.21.2.jar:?]
	at foe.b(SourceFile:96) ~[1.21.2.jar:?]
	at fnv.a(SourceFile:43) ~[1.21.2.jar:?]
	at foc.a(SourceFile:141) ~[1.21.2.jar:?]
	at fqb.a(SourceFile:38) ~[1.21.2.jar:?]
	at fmg.a(SourceFile:114) ~[1.21.2.jar:?]
	at fmg.c(SourceFile:215) ~[1.21.2.jar:?]
	at brx.execute(SourceFile:110) ~[1.21.2.jar:?]
	at fmg.b(SourceFile:215) ~[1.21.2.jar:?]
	at org.lwjgl.glfw.GLFWMouseButtonCallbackI.callback(GLFWMouseButtonCallbackI.java:43) [lwjgl-glfw-3.3.3.jar:build 5]
	at org.lwjgl.system.JNI.invokeV(Native Method) ~[lwjgl-3.3.3.jar:build 5]
	at org.lwjgl.glfw.GLFW.glfwPollEvents(GLFW.java:3438) [lwjgl-glfw-3.3.3.jar:build 5]
	at com.mojang.blaze3d.systems.RenderSystem.pollEvents(SourceFile:149) [1.21.2.jar:?]
	at com.mojang.blaze3d.systems.RenderSystem.flipFrame(SourceFile:170) [1.21.2.jar:?]
	at ffu.a(SourceFile:314) [1.21.2.jar:?]
	at fmf.c(SourceFile:1370) [1.21.2.jar:?]
	at fmf.f(SourceFile:933) [1.21.2.jar:?]
	at net.minecraft.client.main.Main.main(SourceFile:265) [1.21.2.jar:?]
Caused by: java.lang.UnsatisfiedLinkError: Unable to load library 'flite':
libflite.so: cannot open shared object file: No such file or directory
libflite.so: cannot open shared object file: No such file or directory
Native library (linux-x86-64/libflite.so) not found in resource path (/home/undefined/active-projects/min-launcher/minecraft_data/libraries/com/fasterxml/jackson/core/jackson-annotations/2.13.4/jackson-annotations-2.13.4.jar:/home/undefined/active-projects/min-launcher/minecraft_data/libraries/com/fasterxml/jackson/core/jackson-core/2.13.4/jackson-core-2.13.4.jar:/home/undefined/active-projects/min-launcher/minecraft_data/libraries/com/fasterxml/jackson/core/jackson-databind/2.13.4.2/jackson-databind-2.13.4.2.jar:/home/undefined/active-projects/min-launcher/minecraft_data/libraries/com/github/oshi/oshi-core/6.4.10/oshi-core-6.4.10.jar:/home/undefined/active-projects/min-launcher/minecraft_data/libraries/com/github/stephenc/jcip/jcip-annotations/1.0-1/jcip-annotations-1.0-1.jar:/home/undefined/active-projects/min-launcher/minecraft_data/libraries/com/google/code/gson/gson/2.10.1/gson-2.10.1.jar:/home/undefined/active-projects/min-launcher/minecraft_data/libraries/com/google/guava/failureaccess/1.0.1/failureaccess-1.0.1.jar:/home/undefined/active-projects/min-launcher/minecraft_data/libraries/com/google/guava/guava/32.1.2-jre/guava-32.1.2-jre.jar:/home/undefined/active-projects/min-launcher/minecraft_data/libraries/com/ibm/icu/icu4j/73.2/icu4j-73.2.jar:/home/undefined/active-projects/min-launcher/minecraft_data/libraries/com/microsoft/azure/msal4j/1.15.0/msal4j-1.15.0.jar:/home/undefined/active-projects/min-launcher/minecraft_data/libraries/com/mojang/authlib/6.0.55/authlib-6.0.55.jar:/home/undefined/active-projects/min-launcher/minecraft_data/libraries/com/mojang/blocklist/1.0.10/blocklist-1.0.10.jar:/home/undefined/active-projects/min-launcher/minecraft_data/libraries/com/mojang/brigadier/1.3.10/brigadier-1.3.10.jar:/home/undefined/active-projects/min-launcher/minecraft_data/libraries/com/mojang/datafixerupper/8.0.16/datafixerupper-8.0.16.jar:/home/undefined/active-projects/min-launcher/minecraft_data/libraries/com/mojang/jtracy/1.0.29/jtracy-1.0.29.jar:/home/undefined/active-projects/min-launcher/minecraft_data/libraries/com/mojang/jtracy/1.0.29/jtracy-1.0.29-natives-linux.jar:/home/undefined/active-projects/min-launcher/minecraft_data/libraries/com/mojang/logging/1.4.9/logging-1.4.9.jar:/home/undefined/active-projects/min-launcher/minecraft_data/libraries/com/mojang/patchy/2.2.10/patchy-2.2.10.jar:/home/undefined/active-projects/min-launcher/minecraft_data/libraries/com/mojang/text2speech/1.17.9/text2speech-1.17.9.jar:/home/undefined/active-projects/min-launcher/minecraft_data/libraries/com/nimbusds/content-type/2.3/content-type-2.3.jar:/home/undefined/active-projects/min-launcher/minecraft_data/libraries/com/nimbusds/lang-tag/1.7/lang-tag-1.7.jar:/home/undefined/active-projects/min-launcher/minecraft_data/libraries/com/nimbusds/nimbus-jose-jwt/9.37.3/nimbus-jose-jwt-9.37.3.jar:/home/undefined/active-projects/min-launcher/minecraft_data/libraries/com/nimbusds/oauth2-oidc-sdk/11.9.1/oauth2-oidc-sdk-11.9.1.jar:/home/undefined/active-projects/min-launcher/minecraft_data/libraries/commons-codec/commons-codec/1.16.0/commons-codec-1.16.0.jar:/home/undefined/active-projects/min-launcher/minecraft_data/libraries/commons-io/commons-io/2.15.1/commons-io-2.15.1.jar:/home/undefined/active-projects/min-launcher/minecraft_data/libraries/commons-logging/commons-logging/1.2/commons-logging-1.2.jar:/home/undefined/active-projects/min-launcher/minecraft_data/libraries/io/netty/netty-buffer/4.1.97.Final/netty-buffer-4.1.97.Final.jar:/home/undefined/active-projects/min-launcher/minecraft_data/libraries/io/netty/netty-codec/4.1.97.Final/netty-codec-4.1.97.Final.jar:/home/undefined/active-projects/min-launcher/minecraft_data/libraries/io/netty/netty-common/4.1.97.Final/netty-common-4.1.97.Final.jar:/home/undefined/active-projects/min-launcher/minecraft_data/libraries/io/netty/netty-handler/4.1.97.Final/netty-handler-4.1.97.Final.jar:/home/undefined/active-projects/min-launcher/minecraft_data/libraries/io/netty/netty-resolver/4.1.97.Final/netty-resolver-4.1.97.Final.jar:/home/undefined/active-projects/min-launcher/minecraft_data/libraries/io/netty/netty-transport-classes-epoll/4.1.97.Final/netty-transport-classes-epoll-4.1.97.Final.jar:/home/undefined/active-projects/min-launcher/minecraft_data/libraries/io/netty/netty-transport-native-epoll/4.1.97.Final/netty-transport-native-epoll-4.1.97.Final-linux-aarch_64.jar:/home/undefined/active-projects/min-launcher/minecraft_data/libraries/io/netty/netty-transport-native-epoll/4.1.97.Final/netty-transport-native-epoll-4.1.97.Final-linux-x86_64.jar:/home/undefined/active-projects/min-launcher/minecraft_data/libraries/io/netty/netty-transport-native-unix-common/4.1.97.Final/netty-transport-native-unix-common-4.1.97.Final.jar:/home/undefined/active-projects/min-launcher/minecraft_data/libraries/io/netty/netty-transport/4.1.97.Final/netty-transport-4.1.97.Final.jar:/home/undefined/active-projects/min-launcher/minecraft_data/libraries/it/unimi/dsi/fastutil/8.5.12/fastutil-8.5.12.jar:/home/undefined/active-projects/min-launcher/minecraft_data/libraries/net/java/dev/jna/jna-platform/5.14.0/jna-platform-5.14.0.jar:/home/undefined/active-projects/min-launcher/minecraft_data/libraries/net/java/dev/jna/jna/5.14.0/jna-5.14.0.jar:/home/undefined/active-projects/min-launcher/minecraft_data/libraries/net/minidev/accessors-smart/2.5.0/accessors-smart-2.5.0.jar:/home/undefined/active-projects/min-launcher/minecraft_data/libraries/net/minidev/json-smart/2.5.0/json-smart-2.5.0.jar:/home/undefined/active-projects/min-launcher/minecraft_data/libraries/net/sf/jopt-simple/jopt-simple/5.0.4/jopt-simple-5.0.4.jar:/home/undefined/active-projects/min-launcher/minecraft_data/libraries/org/apache/commons/commons-compress/1.26.0/commons-compress-1.26.0.jar:/home/undefined/active-projects/min-launcher/minecraft_data/libraries/org/apache/commons/commons-lang3/3.14.0/commons-lang3-3.14.0.jar:/home/undefined/active-projects/min-launcher/minecraft_data/libraries/org/apache/httpcomponents/httpclient/4.5.13/httpclient-4.5.13.jar:/home/undefined/active-projects/min-launcher/minecraft_data/libraries/org/apache/httpcomponents/httpcore/4.4.16/httpcore-4.4.16.jar:/home/undefined/active-projects/min-launcher/minecraft_data/libraries/org/apache/logging/log4j/log4j-api/2.22.1/log4j-api-2.22.1.jar:/home/undefined/active-projects/min-launcher/minecraft_data/libraries/org/apache/logging/log4j/log4j-core/2.22.1/log4j-core-2.22.1.jar:/home/undefined/active-projects/min-launcher/minecraft_data/libraries/org/apache/logging/log4j/log4j-slf4j2-impl/2.22.1/log4j-slf4j2-impl-2.22.1.jar:/home/undefined/active-projects/min-launcher/minecraft_data/libraries/org/jcraft/jorbis/0.0.17/jorbis-0.0.17.jar:/home/undefined/active-projects/min-launcher/minecraft_data/libraries/org/joml/joml/1.10.5/joml-1.10.5.jar:/home/undefined/active-projects/min-launcher/minecraft_data/libraries/org/lwjgl/lwjgl-freetype/3.3.3/lwjgl-freetype-3.3.3.jar:/home/undefined/active-projects/min-launcher/minecraft_data/libraries/org/lwjgl/lwjgl-freetype/3.3.3/lwjgl-freetype-3.3.3-natives-linux.jar:/home/undefined/active-projects/min-launcher/minecraft_data/libraries/org/lwjgl/lwjgl-glfw/3.3.3/lwjgl-glfw-3.3.3.jar:/home/undefined/active-projects/min-launcher/minecraft_data/libraries/org/lwjgl/lwjgl-glfw/3.3.3/lwjgl-glfw-3.3.3-natives-linux.jar:/home/undefined/active-projects/min-launcher/minecraft_data/libraries/org/lwjgl/lwjgl-jemalloc/3.3.3/lwjgl-jemalloc-3.3.3.jar:/home/undefined/active-projects/min-launcher/minecraft_data/libraries/org/lwjgl/lwjgl-jemalloc/3.3.3/lwjgl-jemalloc-3.3.3-natives-linux.jar:/home/undefined/active-projects/min-launcher/minecraft_data/libraries/org/lwjgl/lwjgl-openal/3.3.3/lwjgl-openal-3.3.3.jar:/home/undefined/active-projects/min-launcher/minecraft_data/libraries/org/lwjgl/lwjgl-openal/3.3.3/lwjgl-openal-3.3.3-natives-linux.jar:/home/undefined/active-projects/min-launcher/minecraft_data/libraries/org/lwjgl/lwjgl-opengl/3.3.3/lwjgl-opengl-3.3.3.jar:/home/undefined/active-projects/min-launcher/minecraft_data/libraries/org/lwjgl/lwjgl-opengl/3.3.3/lwjgl-opengl-3.3.3-natives-linux.jar:/home/undefined/active-projects/min-launcher/minecraft_data/libraries/org/lwjgl/lwjgl-stb/3.3.3/lwjgl-stb-3.3.3.jar:/home/undefined/active-projects/min-launcher/minecraft_data/libraries/org/lwjgl/lwjgl-stb/3.3.3/lwjgl-stb-3.3.3-natives-linux.jar:/home/undefined/active-projects/min-launcher/minecraft_data/libraries/org/lwjgl/lwjgl-tinyfd/3.3.3/lwjgl-tinyfd-3.3.3.jar:/home/undefined/active-projects/min-launcher/minecraft_data/libraries/org/lwjgl/lwjgl-tinyfd/3.3.3/lwjgl-tinyfd-3.3.3-natives-linux.jar:/home/undefined/active-projects/min-launcher/minecraft_data/libraries/org/lwjgl/lwjgl/3.3.3/lwjgl-3.3.3.jar:/home/undefined/active-projects/min-launcher/minecraft_data/libraries/org/lwjgl/lwjgl/3.3.3/lwjgl-3.3.3-natives-linux.jar:/home/undefined/active-projects/min-launcher/minecraft_data/libraries/org/lz4/lz4-java/1.8.0/lz4-java-1.8.0.jar:/home/undefined/active-projects/min-launcher/minecraft_data/libraries/org/ow2/asm/asm/9.3/asm-9.3.jar:/home/undefined/active-projects/min-launcher/minecraft_data/libraries/org/slf4j/slf4j-api/2.0.9/slf4j-api-2.0.9.jar:/home/undefined/active-projects/min-launcher/minecraft_data/versions/1.21.2/1.21.2.jar)
	at com.sun.jna.NativeLibrary.loadLibrary(NativeLibrary.java:325) ~[jna-5.14.0.jar:5.14.0 (b0)]
	at com.sun.jna.NativeLibrary.getInstance(NativeLibrary.java:481) ~[jna-5.14.0.jar:5.14.0 (b0)]
	at com.sun.jna.NativeLibrary.getInstance(NativeLibrary.java:423) ~[jna-5.14.0.jar:5.14.0 (b0)]
	at com.mojang.text2speech.NarratorLinux$FliteLibrary.loadNative(NarratorLinux.java:67) ~[text2speech-1.17.9.jar:?]
	... 22 more
	Suppressed: java.lang.UnsatisfiedLinkError: libflite.so: cannot open shared object file: No such file or directory
		at com.sun.jna.Native.open(Native Method) ~[jna-5.14.0.jar:5.14.0 (b0)]
		at com.sun.jna.NativeLibrary.loadLibrary(NativeLibrary.java:213) ~[jna-5.14.0.jar:5.14.0 (b0)]
		at com.sun.jna.NativeLibrary.getInstance(NativeLibrary.java:481) ~[jna-5.14.0.jar:5.14.0 (b0)]
		at com.sun.jna.NativeLibrary.getInstance(NativeLibrary.java:423) ~[jna-5.14.0.jar:5.14.0 (b0)]
		at com.mojang.text2speech.NarratorLinux$FliteLibrary.loadNative(NarratorLinux.java:67) ~[text2speech-1.17.9.jar:?]
		at com.mojang.text2speech.NarratorLinux.<init>(NarratorLinux.java:18) ~[text2speech-1.17.9.jar:?]
		at com.mojang.text2speech.Narrator.getNarrator(Narrator.java:41) ~[text2speech-1.17.9.jar:?]
		at fsp.a(SourceFile:106) ~[1.21.2.jar:?]
		at fsp.aP_(SourceFile:95) ~[1.21.2.jar:?]
		at fsp.a(SourceFile:66) ~[1.21.2.jar:?]
		at foe.b(SourceFile:96) ~[1.21.2.jar:?]
		at fnv.a(SourceFile:43) ~[1.21.2.jar:?]
		at foc.a(SourceFile:141) ~[1.21.2.jar:?]
		at fqb.a(SourceFile:38) ~[1.21.2.jar:?]
		at fmg.a(SourceFile:114) ~[1.21.2.jar:?]
		at fmg.c(SourceFile:215) ~[1.21.2.jar:?]
		at brx.execute(SourceFile:110) ~[1.21.2.jar:?]
		at fmg.b(SourceFile:215) ~[1.21.2.jar:?]
		at org.lwjgl.glfw.GLFWMouseButtonCallbackI.callback(GLFWMouseButtonCallbackI.java:43) [lwjgl-glfw-3.3.3.jar:build 5]
		at org.lwjgl.system.JNI.invokeV(Native Method) ~[lwjgl-3.3.3.jar:build 5]
		at org.lwjgl.glfw.GLFW.glfwPollEvents(GLFW.java:3438) [lwjgl-glfw-3.3.3.jar:build 5]
		at com.mojang.blaze3d.systems.RenderSystem.pollEvents(SourceFile:149) [1.21.2.jar:?]
		at com.mojang.blaze3d.systems.RenderSystem.flipFrame(SourceFile:170) [1.21.2.jar:?]
		at ffu.a(SourceFile:314) [1.21.2.jar:?]
		at fmf.c(SourceFile:1370) [1.21.2.jar:?]
		at fmf.f(SourceFile:933) [1.21.2.jar:?]
		at net.minecraft.client.main.Main.main(SourceFile:265) [1.21.2.jar:?]
	Suppressed: java.lang.UnsatisfiedLinkError: libflite.so: cannot open shared object file: No such file or directory
		at com.sun.jna.Native.open(Native Method) ~[jna-5.14.0.jar:5.14.0 (b0)]
		at com.sun.jna.NativeLibrary.loadLibrary(NativeLibrary.java:226) ~[jna-5.14.0.jar:5.14.0 (b0)]
		at com.sun.jna.NativeLibrary.getInstance(NativeLibrary.java:481) ~[jna-5.14.0.jar:5.14.0 (b0)]
		at com.sun.jna.NativeLibrary.getInstance(NativeLibrary.java:423) ~[jna-5.14.0.jar:5.14.0 (b0)]
		at com.mojang.text2speech.NarratorLinux$FliteLibrary.loadNative(NarratorLinux.java:67) ~[text2speech-1.17.9.jar:?]
		at com.mojang.text2speech.NarratorLinux.<init>(NarratorLinux.java:18) ~[text2speech-1.17.9.jar:?]
		at com.mojang.text2speech.Narrator.getNarrator(Narrator.java:41) ~[text2speech-1.17.9.jar:?]
		at fsp.a(SourceFile:106) ~[1.21.2.jar:?]
		at fsp.aP_(SourceFile:95) ~[1.21.2.jar:?]
		at fsp.a(SourceFile:66) ~[1.21.2.jar:?]
		at foe.b(SourceFile:96) ~[1.21.2.jar:?]
		at fnv.a(SourceFile:43) ~[1.21.2.jar:?]
		at foc.a(SourceFile:141) ~[1.21.2.jar:?]
		at fqb.a(SourceFile:38) ~[1.21.2.jar:?]
		at fmg.a(SourceFile:114) ~[1.21.2.jar:?]
		at fmg.c(SourceFile:215) ~[1.21.2.jar:?]
		at brx.execute(SourceFile:110) ~[1.21.2.jar:?]
		at fmg.b(SourceFile:215) ~[1.21.2.jar:?]
		at org.lwjgl.glfw.GLFWMouseButtonCallbackI.callback(GLFWMouseButtonCallbackI.java:43) [lwjgl-glfw-3.3.3.jar:build 5]
		at org.lwjgl.system.JNI.invokeV(Native Method) ~[lwjgl-3.3.3.jar:build 5]
		at org.lwjgl.glfw.GLFW.glfwPollEvents(GLFW.java:3438) [lwjgl-glfw-3.3.3.jar:build 5]
		at com.mojang.blaze3d.systems.RenderSystem.pollEvents(SourceFile:149) [1.21.2.jar:?]
		at com.mojang.blaze3d.systems.RenderSystem.flipFrame(SourceFile:170) [1.21.2.jar:?]
		at ffu.a(SourceFile:314) [1.21.2.jar:?]
		at fmf.c(SourceFile:1370) [1.21.2.jar:?]
		at fmf.f(SourceFile:933) [1.21.2.jar:?]
		at net.minecraft.client.main.Main.main(SourceFile:265) [1.21.2.jar:?]
	Suppressed: java.io.IOException: Native library (linux-x86-64/libflite.so) not found in resource path (/home/undefined/active-projects/min-launcher/minecraft_data/libraries/com/fasterxml/jackson/core/jackson-annotations/2.13.4/jackson-annotations-2.13.4.jar:/home/undefined/active-projects/min-launcher/minecraft_data/libraries/com/fasterxml/jackson/core/jackson-core/2.13.4/jackson-core-2.13.4.jar:/home/undefined/active-projects/min-launcher/minecraft_data/libraries/com/fasterxml/jackson/core/jackson-databind/2.13.4.2/jackson-databind-2.13.4.2.jar:/home/undefined/active-projects/min-launcher/minecraft_data/libraries/com/github/oshi/oshi-core/6.4.10/oshi-core-6.4.10.jar:/home/undefined/active-projects/min-launcher/minecraft_data/libraries/com/github/stephenc/jcip/jcip-annotations/1.0-1/jcip-annotations-1.0-1.jar:/home/undefined/active-projects/min-launcher/minecraft_data/libraries/com/google/code/gson/gson/2.10.1/gson-2.10.1.jar:/home/undefined/active-projects/min-launcher/minecraft_data/libraries/com/google/guava/failureaccess/1.0.1/failureaccess-1.0.1.jar:/home/undefined/active-projects/min-launcher/minecraft_data/libraries/com/google/guava/guava/32.1.2-jre/guava-32.1.2-jre.jar:/home/undefined/active-projects/min-launcher/minecraft_data/libraries/com/ibm/icu/icu4j/73.2/icu4j-73.2.jar:/home/undefined/active-projects/min-launcher/minecraft_data/libraries/com/microsoft/azure/msal4j/1.15.0/msal4j-1.15.0.jar:/home/undefined/active-projects/min-launcher/minecraft_data/libraries/com/mojang/authlib/6.0.55/authlib-6.0.55.jar:/home/undefined/active-projects/min-launcher/minecraft_data/libraries/com/mojang/blocklist/1.0.10/blocklist-1.0.10.jar:/home/undefined/active-projects/min-launcher/minecraft_data/libraries/com/mojang/brigadier/1.3.10/brigadier-1.3.10.jar:/home/undefined/active-projects/min-launcher/minecraft_data/libraries/com/mojang/datafixerupper/8.0.16/datafixerupper-8.0.16.jar:/home/undefined/active-projects/min-launcher/minecraft_data/libraries/com/mojang/jtracy/1.0.29/jtracy-1.0.29.jar:/home/undefined/active-projects/min-launcher/minecraft_data/libraries/com/mojang/jtracy/1.0.29/jtracy-1.0.29-natives-linux.jar:/home/undefined/active-projects/min-launcher/minecraft_data/libraries/com/mojang/logging/1.4.9/logging-1.4.9.jar:/home/undefined/active-projects/min-launcher/minecraft_data/libraries/com/mojang/patchy/2.2.10/patchy-2.2.10.jar:/home/undefined/active-projects/min-launcher/minecraft_data/libraries/com/mojang/text2speech/1.17.9/text2speech-1.17.9.jar:/home/undefined/active-projects/min-launcher/minecraft_data/libraries/com/nimbusds/content-type/2.3/content-type-2.3.jar:/home/undefined/active-projects/min-launcher/minecraft_data/libraries/com/nimbusds/lang-tag/1.7/lang-tag-1.7.jar:/home/undefined/active-projects/min-launcher/minecraft_data/libraries/com/nimbusds/nimbus-jose-jwt/9.37.3/nimbus-jose-jwt-9.37.3.jar:/home/undefined/active-projects/min-launcher/minecraft_data/libraries/com/nimbusds/oauth2-oidc-sdk/11.9.1/oauth2-oidc-sdk-11.9.1.jar:/home/undefined/active-projects/min-launcher/minecraft_data/libraries/commons-codec/commons-codec/1.16.0/commons-codec-1.16.0.jar:/home/undefined/active-projects/min-launcher/minecraft_data/libraries/commons-io/commons-io/2.15.1/commons-io-2.15.1.jar:/home/undefined/active-projects/min-launcher/minecraft_data/libraries/commons-logging/commons-logging/1.2/commons-logging-1.2.jar:/home/undefined/active-projects/min-launcher/minecraft_data/libraries/io/netty/netty-buffer/4.1.97.Final/netty-buffer-4.1.97.Final.jar:/home/undefined/active-projects/min-launcher/minecraft_data/libraries/io/netty/netty-codec/4.1.97.Final/netty-codec-4.1.97.Final.jar:/home/undefined/active-projects/min-launcher/minecraft_data/libraries/io/netty/netty-common/4.1.97.Final/netty-common-4.1.97.Final.jar:/home/undefined/active-projects/min-launcher/minecraft_data/libraries/io/netty/netty-handler/4.1.97.Final/netty-handler-4.1.97.Final.jar:/home/undefined/active-projects/min-launcher/minecraft_data/libraries/io/netty/netty-resolver/4.1.97.Final/netty-resolver-4.1.97.Final.jar:/home/undefined/active-projects/min-launcher/minecraft_data/libraries/io/netty/netty-transport-classes-epoll/4.1.97.Final/netty-transport-classes-epoll-4.1.97.Final.jar:/home/undefined/active-projects/min-launcher/minecraft_data/libraries/io/netty/netty-transport-native-epoll/4.1.97.Final/netty-transport-native-epoll-4.1.97.Final-linux-aarch_64.jar:/home/undefined/active-projects/min-launcher/minecraft_data/libraries/io/netty/netty-transport-native-epoll/4.1.97.Final/netty-transport-native-epoll-4.1.97.Final-linux-x86_64.jar:/home/undefined/active-projects/min-launcher/minecraft_data/libraries/io/netty/netty-transport-native-unix-common/4.1.97.Final/netty-transport-native-unix-common-4.1.97.Final.jar:/home/undefined/active-projects/min-launcher/minecraft_data/libraries/io/netty/netty-transport/4.1.97.Final/netty-transport-4.1.97.Final.jar:/home/undefined/active-projects/min-launcher/minecraft_data/libraries/it/unimi/dsi/fastutil/8.5.12/fastutil-8.5.12.jar:/home/undefined/active-projects/min-launcher/minecraft_data/libraries/net/java/dev/jna/jna-platform/5.14.0/jna-platform-5.14.0.jar:/home/undefined/active-projects/min-launcher/minecraft_data/libraries/net/java/dev/jna/jna/5.14.0/jna-5.14.0.jar:/home/undefined/active-projects/min-launcher/minecraft_data/libraries/net/minidev/accessors-smart/2.5.0/accessors-smart-2.5.0.jar:/home/undefined/active-projects/min-launcher/minecraft_data/libraries/net/minidev/json-smart/2.5.0/json-smart-2.5.0.jar:/home/undefined/active-projects/min-launcher/minecraft_data/libraries/net/sf/jopt-simple/jopt-simple/5.0.4/jopt-simple-5.0.4.jar:/home/undefined/active-projects/min-launcher/minecraft_data/libraries/org/apache/commons/commons-compress/1.26.0/commons-compress-1.26.0.jar:/home/undefined/active-projects/min-launcher/minecraft_data/libraries/org/apache/commons/commons-lang3/3.14.0/commons-lang3-3.14.0.jar:/home/undefined/active-projects/min-launcher/minecraft_data/libraries/org/apache/httpcomponents/httpclient/4.5.13/httpclient-4.5.13.jar:/home/undefined/active-projects/min-launcher/minecraft_data/libraries/org/apache/httpcomponents/httpcore/4.4.16/httpcore-4.4.16.jar:/home/undefined/active-projects/min-launcher/minecraft_data/libraries/org/apache/logging/log4j/log4j-api/2.22.1/log4j-api-2.22.1.jar:/home/undefined/active-projects/min-launcher/minecraft_data/libraries/org/apache/logging/log4j/log4j-core/2.22.1/log4j-core-2.22.1.jar:/home/undefined/active-projects/min-launcher/minecraft_data/libraries/org/apache/logging/log4j/log4j-slf4j2-impl/2.22.1/log4j-slf4j2-impl-2.22.1.jar:/home/undefined/active-projects/min-launcher/minecraft_data/libraries/org/jcraft/jorbis/0.0.17/jorbis-0.0.17.jar:/home/undefined/active-projects/min-launcher/minecraft_data/libraries/org/joml/joml/1.10.5/joml-1.10.5.jar:/home/undefined/active-projects/min-launcher/minecraft_data/libraries/org/lwjgl/lwjgl-freetype/3.3.3/lwjgl-freetype-3.3.3.jar:/home/undefined/active-projects/min-launcher/minecraft_data/libraries/org/lwjgl/lwjgl-freetype/3.3.3/lwjgl-freetype-3.3.3-natives-linux.jar:/home/undefined/active-projects/min-launcher/minecraft_data/libraries/org/lwjgl/lwjgl-glfw/3.3.3/lwjgl-glfw-3.3.3.jar:/home/undefined/active-projects/min-launcher/minecraft_data/libraries/org/lwjgl/lwjgl-glfw/3.3.3/lwjgl-glfw-3.3.3-natives-linux.jar:/home/undefined/active-projects/min-launcher/minecraft_data/libraries/org/lwjgl/lwjgl-jemalloc/3.3.3/lwjgl-jemalloc-3.3.3.jar:/home/undefined/active-projects/min-launcher/minecraft_data/libraries/org/lwjgl/lwjgl-jemalloc/3.3.3/lwjgl-jemalloc-3.3.3-natives-linux.jar:/home/undefined/active-projects/min-launcher/minecraft_data/libraries/org/lwjgl/lwjgl-openal/3.3.3/lwjgl-openal-3.3.3.jar:/home/undefined/active-projects/min-launcher/minecraft_data/libraries/org/lwjgl/lwjgl-openal/3.3.3/lwjgl-openal-3.3.3-natives-linux.jar:/home/undefined/active-projects/min-launcher/minecraft_data/libraries/org/lwjgl/lwjgl-opengl/3.3.3/lwjgl-opengl-3.3.3.jar:/home/undefined/active-projects/min-launcher/minecraft_data/libraries/org/lwjgl/lwjgl-opengl/3.3.3/lwjgl-opengl-3.3.3-natives-linux.jar:/home/undefined/active-projects/min-launcher/minecraft_data/libraries/org/lwjgl/lwjgl-stb/3.3.3/lwjgl-stb-3.3.3.jar:/home/undefined/active-projects/min-launcher/minecraft_data/libraries/org/lwjgl/lwjgl-stb/3.3.3/lwjgl-stb-3.3.3-natives-linux.jar:/home/undefined/active-projects/min-launcher/minecraft_data/libraries/org/lwjgl/lwjgl-tinyfd/3.3.3/lwjgl-tinyfd-3.3.3.jar:/home/undefined/active-projects/min-launcher/minecraft_data/libraries/org/lwjgl/lwjgl-tinyfd/3.3.3/lwjgl-tinyfd-3.3.3-natives-linux.jar:/home/undefined/active-projects/min-launcher/minecraft_data/libraries/org/lwjgl/lwjgl/3.3.3/lwjgl-3.3.3.jar:/home/undefined/active-projects/min-launcher/minecraft_data/libraries/org/lwjgl/lwjgl/3.3.3/lwjgl-3.3.3-natives-linux.jar:/home/undefined/active-projects/min-launcher/minecraft_data/libraries/org/lz4/lz4-java/1.8.0/lz4-java-1.8.0.jar:/home/undefined/active-projects/min-launcher/minecraft_data/libraries/org/ow2/asm/asm/9.3/asm-9.3.jar:/home/undefined/active-projects/min-launcher/minecraft_data/libraries/org/slf4j/slf4j-api/2.0.9/slf4j-api-2.0.9.jar:/home/undefined/active-projects/min-launcher/minecraft_data/versions/1.21.2/1.21.2.jar)
		at com.sun.jna.Native.extractFromResourcePath(Native.java:1141) ~[jna-5.14.0.jar:5.14.0 (b0)]
		at com.sun.jna.NativeLibrary.loadLibrary(NativeLibrary.java:297) ~[jna-5.14.0.jar:5.14.0 (b0)]
		at com.sun.jna.NativeLibrary.getInstance(NativeLibrary.java:481) ~[jna-5.14.0.jar:5.14.0 (b0)]
		at com.sun.jna.NativeLibrary.getInstance(NativeLibrary.java:423) ~[jna-5.14.0.jar:5.14.0 (b0)]
		at com.mojang.text2speech.NarratorLinux$FliteLibrary.loadNative(NarratorLinux.java:67) ~[text2speech-1.17.9.jar:?]
		at com.mojang.text2speech.NarratorLinux.<init>(NarratorLinux.java:18) ~[text2speech-1.17.9.jar:?]
		at com.mojang.text2speech.Narrator.getNarrator(Narrator.java:41) ~[text2speech-1.17.9.jar:?]
		at fsp.a(SourceFile:106) ~[1.21.2.jar:?]
		at fsp.aP_(SourceFile:95) ~[1.21.2.jar:?]
		at fsp.a(SourceFile:66) ~[1.21.2.jar:?]
		at foe.b(SourceFile:96) ~[1.21.2.jar:?]
		at fnv.a(SourceFile:43) ~[1.21.2.jar:?]
		at foc.a(SourceFile:141) ~[1.21.2.jar:?]
		at fqb.a(SourceFile:38) ~[1.21.2.jar:?]
		at fmg.a(SourceFile:114) ~[1.21.2.jar:?]
		at fmg.c(SourceFile:215) ~[1.21.2.jar:?]
		at brx.execute(SourceFile:110) ~[1.21.2.jar:?]
		at fmg.b(SourceFile:215) ~[1.21.2.jar:?]
		at org.lwjgl.glfw.GLFWMouseButtonCallbackI.callback(GLFWMouseButtonCallbackI.java:43) [lwjgl-glfw-3.3.3.jar:build 5]
		at org.lwjgl.system.JNI.invokeV(Native Method) ~[lwjgl-3.3.3.jar:build 5]
		at org.lwjgl.glfw.GLFW.glfwPollEvents(GLFW.java:3438) [lwjgl-glfw-3.3.3.jar:build 5]
		at com.mojang.blaze3d.systems.RenderSystem.pollEvents(SourceFile:149) [1.21.2.jar:?]
		at com.mojang.blaze3d.systems.RenderSystem.flipFrame(SourceFile:170) [1.21.2.jar:?]
		at ffu.a(SourceFile:314) [1.21.2.jar:?]
		at fmf.c(SourceFile:1370) [1.21.2.jar:?]
		at fmf.f(SourceFile:933) [1.21.2.jar:?]
		at net.minecraft.client.main.Main.main(SourceFile:265) [1.21.2.jar:?]
[19:15:21] [IO-Worker-1/INFO]: Could not authorize you against Realms server: java.lang.RuntimeException: Failed to parse into SignedJWT: 0
[19:15:21] [IO-Worker-1/ERROR]: Couldn't connect to realms
fjd: Realms authentication error with message 'java.lang.RuntimeException: Failed to parse into SignedJWT: 0'
	at fhh.a(SourceFile:445) ~[1.21.2.jar:?]
	at fhh.g(SourceFile:232) ~[1.21.2.jar:?]
	at fhb.c(SourceFile:51) ~[1.21.2.jar:?]
	at java.base/java.util.concurrent.CompletableFuture$AsyncSupply.run(CompletableFuture.java:1768) ~[?:?]
	at java.base/java.util.concurrent.ThreadPoolExecutor.runWorker(ThreadPoolExecutor.java:1144) ~[?:?]
	at java.base/java.util.concurrent.ThreadPoolExecutor$Worker.run(ThreadPoolExecutor.java:642) ~[?:?]
	at java.base/java.lang.Thread.run(Thread.java:1583) [?:?]
[19:15:22] [Render thread/INFO]: Stopping!
